<?xml version="1.0" encoding="UTF-8"?>
<!-- Generated by org.testng.reporters.JUnitReportReporter -->
<testsuite hostname="DESKTOP-MSKAOE1" failures="0" tests="1" name="pawan.Logintest" time="4.967" errors="0" timestamp="2024-10-27T15:53:12 IST" skipped="0">
  <testcase classname="pawan.Logintest" name="login" time="4.967"/>
</testsuite> <!-- pawan.Logintest -->
