<?xml version="1.0" encoding="UTF-8"?>
<!-- Generated by org.testng.reporters.JUnitReportReporter -->
<testsuite hostname="DESKTOP-MSKAOE1" failures="0" tests="3" name="TestNg.Data_provider" time="0.074" errors="0" timestamp="2024-10-27T15:51:29 IST" skipped="0">
  <testcase classname="TestNg.Data_provider" name="test" time="0.008"/>
  <testcase classname="TestNg.Data_provider" name="test" time="0.021"/>
  <testcase classname="TestNg.Data_provider" name="test" time="0.045"/>
</testsuite> <!-- TestNg.Data_provider -->
