<?xml version="1.0" encoding="UTF-8"?>
<!-- Generated by org.testng.reporters.JUnitReportReporter -->
<testsuite hostname="DESKTOP-MSKAOE1" failures="0" tests="1" name="TestNg.Assertion" time="54.206" errors="0" timestamp="2024-10-20T18:21:44 IST" skipped="0">
  <testcase classname="TestNg.Assertion" name="setup" time="54.206"/>
</testsuite> <!-- TestNg.Assertion -->
