<?xml version="1.0" encoding="UTF-8"?>
<!-- Generated by org.testng.reporters.JUnitReportReporter -->
<testsuite hostname="DESKTOP-MSKAOE1" failures="0" tests="1" name="open.test" time="0.032" errors="0" timestamp="2024-10-02T18:37:07 IST" skipped="0">
  <testcase classname="open.test" name="login" time="0.032"/>
</testsuite> <!-- open.test -->
