<?xml version="1.0" encoding="UTF-8"?>
<!-- Generated by org.testng.reporters.JUnitReportReporter -->
<testsuite hostname="DESKTOP-MSKAOE1" failures="0" tests="2" name="New_automation.Radio_button" time="9.974" errors="0" timestamp="2024-10-27T15:53:58 IST" skipped="0">
  <testcase classname="New_automation.Radio_button" name="name" time="4.782"/>
  <testcase classname="New_automation.Radio_button" name="radio" time="5.192"/>
</testsuite> <!-- New_automation.Radio_button -->
