<?xml version="1.0" encoding="UTF-8"?>
<!-- Generated by org.testng.reporters.JUnitReportReporter -->
<testsuite hostname="DESKTOP-MSKAOE1" failures="0" tests="2" name="TestNg.Testng" time="0.073" errors="0" timestamp="2024-10-29T08:20:51 IST" skipped="0">
  <testcase classname="TestNg.Testng" name="a" time="0.062"/>
  <testcase classname="TestNg.Testng" name="b" time="0.011"/>
</testsuite> <!-- TestNg.Testng -->
