<?xml version="1.0" encoding="UTF-8"?>
<!-- Generated by org.testng.reporters.JUnitReportReporter -->
<testsuite hostname="DESKTOP-MSKAOE1" failures="0" tests="1" name="New_automation.Dropdown" time="16.349" errors="0" timestamp="2024-10-27T15:34:51 IST" skipped="0">
  <testcase classname="New_automation.Dropdown" name="dropdown" time="16.349"/>
</testsuite> <!-- New_automation.Dropdown -->
